<?xml version="1.0" encoding="UTF-8"?>
<testsuites name="jest tests" tests="1" failures="0" errors="0" time="2.273">
  <testsuite name="test airlines" errors="0" failures="0" skipped="0" timestamp="2022-06-12T18:32:51" time="2.189" tests="1">
    <testcase classname="test airlines should insert a doc into collection" name="test airlines should insert a doc into collection" time="0.663">
    </testcase>
  </testsuite>
</testsuites>